[15624:22984:0523/210928:INFO:AppRunner.cpp(619)] Begin run process geeplayer
[15624:22984:0523/210928:INFO:AppRunner.cpp(623)] ProductName is GeePlayer1
[15624:22984:0523/210928:INFO:AppRunner.cpp(662)] apppluginbase version is 4.3.4.80
[15624:22984:0523/210928:INFO:UIlib.cpp(192)] quilib: version is 4.3.4.78
[15624:22984:0523/210928:INFO:serviceManager.cpp(687)] mainprocessisrunning key is set as 1
[15624:22984:0523/210928:INFO:serviceManager.cpp(800)] create local service plugin PluginServerStatePlugin
[15624:22984:0523/210928:INFO:serviceManager.cpp(857)] plugin PluginServerStatePlugin DoPluginInit
[15624:22984:0523/210928:INFO:serviceManager.cpp(1523)] repository parse over
[15624:22984:0523/210929:INFO:UIManager.cpp(372)] quilib:call set resouce path, path is c:\program files (x86)\iqiyi video\geeplayer\2.5.35.3301\skin
[15624:22984:0523/210929:INFO:UIDlgBuilder.cpp(407)] quilib:create root control failed
[15624:22984:0523/210929:INFO:UIDlgBuilder.cpp(407)] quilib:create root control failed
[15624:22984:0523/210929:INFO:UIDlgBuilder.cpp(407)] quilib:create root control failed
[15624:22984:0523/210929:INFO:UIDlgBuilder.cpp(407)] quilib:create root control failed
[15624:22984:0523/210929:INFO:UIDlgBuilder.cpp(407)] quilib:create root control failed
[15624:22984:0523/210929:INFO:UIDlgBuilder.cpp(407)] quilib:create root control failed
[15624:22984:0523/210931:INFO:AppRunner.cpp(715)] loop exit geeplayer call main plugin DestoryPluginEntry
[15624:22984:0523/210931:INFO:IPlugin.cpp(117)] real plugin mainPlugin call DestroyPlugin
[15624:22984:0523/210932:INFO:IPlugin.cpp(374)] destruct plugin mainPlugin
[15624:22984:0523/210932:INFO:serviceManager.cpp(1608)] mainPlugin plugin had destroy by DestructPlugin
[15624:22984:0523/210932:INFO:serviceManager.cpp(2532)] DestructManager begin
[15624:22984:0523/210932:INFO:IPlugin.cpp(374)] destruct plugin PluginServerStatePlugin
[15624:22984:0523/210932:INFO:IPlugin.cpp(286)] real plugin PluginServerStatePlugin call DestroyPlugin
[15624:22984:0523/210932:INFO:serviceManager.cpp(1608)] PluginServerStatePlugin plugin had destroy by DestructPlugin
[15624:22984:0523/210932:INFO:serviceManager.cpp(2408)] DeleteLeftPlugins begin
[15624:22984:0523/210932:INFO:serviceManager.cpp(2470)] DeleteLeftPlugins end
[15624:22984:0523/210932:INFO:serviceManager.cpp(687)] mainprocessisrunning key is set as 0
[15624:22984:0523/210932:INFO:AppRunner.cpp(730)] close mutex of process geeplayer
[15624:22984:0523/210932:INFO:AppRunner.cpp(738)] run process geeplayer end
[20596:2924:0523/210935:INFO:AppRunner.cpp(619)] Begin run process geeplayer
[20596:2924:0523/210935:INFO:AppRunner.cpp(623)] ProductName is GeePlayer1
[20596:2924:0523/210935:INFO:AppRunner.cpp(662)] apppluginbase version is 4.3.4.80
[20596:2924:0523/210935:INFO:UIlib.cpp(192)] quilib: version is 4.3.4.78
[20596:2924:0523/210935:INFO:serviceManager.cpp(687)] mainprocessisrunning key is set as 1
[20596:2924:0523/210935:INFO:serviceManager.cpp(800)] create local service plugin PluginServerStatePlugin
[20596:2924:0523/210935:INFO:serviceManager.cpp(857)] plugin PluginServerStatePlugin DoPluginInit
[20596:2924:0523/210935:INFO:serviceManager.cpp(1523)] repository parse over
[20596:2924:0523/210936:INFO:UIManager.cpp(372)] quilib:call set resouce path, path is c:\program files (x86)\iqiyi video\geeplayer\2.5.35.3301\skin
[20596:2924:0523/210936:INFO:UIDlgBuilder.cpp(407)] quilib:create root control failed
[20596:2924:0523/210936:INFO:UIDlgBuilder.cpp(407)] quilib:create root control failed
[20596:2924:0523/210936:INFO:UIDlgBuilder.cpp(407)] quilib:create root control failed
[20596:2924:0523/210936:INFO:UIDlgBuilder.cpp(407)] quilib:create root control failed
[20596:2924:0523/210936:INFO:UIDlgBuilder.cpp(407)] quilib:create root control failed
[20596:2924:0523/210936:INFO:UIDlgBuilder.cpp(407)] quilib:create root control failed
[20596:2924:0523/210942:INFO:AppRunner.cpp(715)] loop exit geeplayer call main plugin DestoryPluginEntry
[20596:2924:0523/210942:INFO:IPlugin.cpp(117)] real plugin mainPlugin call DestroyPlugin
[20596:2924:0523/210945:INFO:IPlugin.cpp(374)] destruct plugin mainPlugin
[20596:2924:0523/210945:INFO:serviceManager.cpp(1608)] mainPlugin plugin had destroy by DestructPlugin
[20596:2924:0523/210945:INFO:serviceManager.cpp(2532)] DestructManager begin
[20596:2924:0523/210945:INFO:IPlugin.cpp(374)] destruct plugin PluginServerStatePlugin
[20596:2924:0523/210945:INFO:IPlugin.cpp(286)] real plugin PluginServerStatePlugin call DestroyPlugin
[20596:2924:0523/210945:INFO:serviceManager.cpp(1608)] PluginServerStatePlugin plugin had destroy by DestructPlugin
[20596:2924:0523/210945:INFO:serviceManager.cpp(2408)] DeleteLeftPlugins begin
[20596:2924:0523/210945:INFO:serviceManager.cpp(2470)] DeleteLeftPlugins end
[20596:2924:0523/210945:INFO:serviceManager.cpp(687)] mainprocessisrunning key is set as 0
[20596:2924:0523/210945:INFO:AppRunner.cpp(730)] close mutex of process geeplayer
[20596:2924:0523/210945:INFO:AppRunner.cpp(738)] run process geeplayer end
